C:\Program Files (x86)\MSBuild\Microsoft.Cpp\v4.0\V140\Microsoft.CppBuild.targets(368,5): warning MSB8004: Output Directory does not end with a trailing slash.  This build instance will add the slash as it is required to allow proper evaluation of the Output Directory.
  HelperFunctions.cpp
C:\Program Files (x86)\Windows Kits\8.1\Include\um\dbghelp.h(1544): warning C4091: 'typedef ': ignored on left of '' when no variable is declared
C:\Program Files (x86)\Windows Kits\8.1\Include\um\dbghelp.h(3190): warning C4091: 'typedef ': ignored on left of '' when no variable is declared
HelperFunctions.cpp(49): warning C4267: 'argument': conversion from 'size_t' to 'int', possible loss of data
HelperFunctions.cpp(50): warning C4267: 'argument': conversion from 'size_t' to 'int', possible loss of data
HelperFunctions.cpp(53): warning C4267: 'argument': conversion from 'size_t' to 'int', possible loss of data
HelperFunctions.cpp(55): warning C4267: 'argument': conversion from 'size_t' to 'int', possible loss of data
HelperFunctions.cpp(58): warning C4267: 'argument': conversion from 'size_t' to 'int', possible loss of data
HelperFunctions.cpp(59): warning C4267: 'argument': conversion from 'size_t' to 'int', possible loss of data
HelperFunctions.cpp(142): warning C4267: 'argument': conversion from 'size_t' to 'int', possible loss of data
HelperFunctions.cpp(187): warning C4267: 'argument': conversion from 'size_t' to 'int', possible loss of data
HelperFunctions.cpp(268): warning C4244: 'return': conversion from 'double' to 'int', possible loss of data
HelperFunctions.cpp(283): warning C4267: 'argument': conversion from 'size_t' to 'int', possible loss of data
HelperFunctions.cpp(287): warning C4267: 'argument': conversion from 'size_t' to 'int', possible loss of data
HelperFunctions.cpp(332): warning C4244: 'return': conversion from 'double' to 'int', possible loss of data
  LogTemplate.cpp
C:\Program Files (x86)\Windows Kits\8.1\Include\um\dbghelp.h(1544): warning C4091: 'typedef ': ignored on left of '' when no variable is declared
C:\Program Files (x86)\Windows Kits\8.1\Include\um\dbghelp.h(3190): warning C4091: 'typedef ': ignored on left of '' when no variable is declared
  Parser.cpp
C:\Program Files (x86)\Windows Kits\8.1\Include\um\dbghelp.h(1544): warning C4091: 'typedef ': ignored on left of '' when no variable is declared
C:\Program Files (x86)\Windows Kits\8.1\Include\um\dbghelp.h(3190): warning C4091: 'typedef ': ignored on left of '' when no variable is declared
e:\code\x64dbg\advancedscript\advancedscript\ScriptFun.h(62): warning C4091: 'static ': ignored on left of 'VarPara_temp' when no variable is declared
e:\code\x64dbg\advancedscript\advancedscript\ScriptFun.h(99): warning C4091: 'static ': ignored on left of 'VarPara' when no variable is declared
e:\code\x64dbg\advancedscript\advancedscript\ScriptFun.h(105): warning C4091: 'static ': ignored on left of 'ScriptFunList' when no variable is declared
Parser.cpp(37): warning C4267: 'argument': conversion from 'size_t' to 'int', possible loss of data
Parser.cpp(48): warning C4267: 'argument': conversion from 'size_t' to 'int', possible loss of data
Parser.cpp(58): warning C4267: 'argument': conversion from 'size_t' to 'int', possible loss of data
Parser.cpp(89): warning C4267: 'argument': conversion from 'size_t' to 'int', possible loss of data
Parser.cpp(90): warning C4267: 'argument': conversion from 'size_t' to 'int', possible loss of data
Parser.cpp(105): warning C4244: 'initializing': conversion from 'double' to 'int', possible loss of data
Parser.cpp(188): warning C4267: 'argument': conversion from 'size_t' to 'int', possible loss of data
Parser.cpp(193): warning C4267: 'argument': conversion from 'size_t' to 'int', possible loss of data
Parser.cpp(197): warning C4267: 'argument': conversion from 'size_t' to 'int', possible loss of data
Parser.cpp(224): warning C4267: 'argument': conversion from 'size_t' to 'int', possible loss of data
Parser.cpp(229): warning C4267: 'argument': conversion from 'size_t' to 'int', possible loss of data
Parser.cpp(233): warning C4267: 'argument': conversion from 'size_t' to 'int', possible loss of data
Parser.cpp(338): warning C4267: 'argument': conversion from 'size_t' to 'int', possible loss of data
Parser.cpp(339): warning C4267: 'argument': conversion from 'size_t' to 'int', possible loss of data
Parser.cpp(341): warning C4267: 'argument': conversion from 'size_t' to 'int', possible loss of data
Parser.cpp(359): warning C4244: 'argument': conversion from 'duint' to 'int', possible loss of data
Parser.cpp(430): warning C4101: 'TemplateClassFound': unreferenced local variable
  PluginBasic.cpp
C:\Program Files (x86)\Windows Kits\8.1\Include\um\dbghelp.h(1544): warning C4091: 'typedef ': ignored on left of '' when no variable is declared
C:\Program Files (x86)\Windows Kits\8.1\Include\um\dbghelp.h(3190): warning C4091: 'typedef ': ignored on left of '' when no variable is declared
PluginBasic.cpp(99): warning C4996: 'strcpy': This function or variable may be unsafe. Consider using strcpy_s instead. To disable deprecation, use _CRT_SECURE_NO_WARNINGS. See online help for details.
  C:\Program Files (x86)\Windows Kits\10\Include\10.0.10240.0\ucrt\string.h(119): note: see declaration of 'strcpy'
  Register_UnRegister_Commands.cpp
C:\Program Files (x86)\Windows Kits\8.1\Include\um\dbghelp.h(1544): warning C4091: 'typedef ': ignored on left of '' when no variable is declared
C:\Program Files (x86)\Windows Kits\8.1\Include\um\dbghelp.h(3190): warning C4091: 'typedef ': ignored on left of '' when no variable is declared
e:\code\x64dbg\advancedscript\advancedscript\ScriptFun.h(62): warning C4091: 'static ': ignored on left of 'VarPara_temp' when no variable is declared
e:\code\x64dbg\advancedscript\advancedscript\ScriptFun.h(99): warning C4091: 'static ': ignored on left of 'VarPara' when no variable is declared
e:\code\x64dbg\advancedscript\advancedscript\ScriptFun.h(105): warning C4091: 'static ': ignored on left of 'ScriptFunList' when no variable is declared
Register_UnRegister_Commands.cpp(36): warning C4091: 'static ': ignored on left of 'ManagedGlobals' when no variable is declared
Register_UnRegister_Commands.cpp(63): warning C4267: 'argument': conversion from 'size_t' to 'int', possible loss of data
Register_UnRegister_Commands.cpp(64): warning C4267: 'argument': conversion from 'size_t' to 'int', possible loss of data
Register_UnRegister_Commands.cpp(79): warning C4129: 'A': unrecognized character escape sequence
Register_UnRegister_Commands.cpp(79): warning C4129: ' ': unrecognized character escape sequence
Register_UnRegister_Commands.cpp(83): warning C4129: 'A': unrecognized character escape sequence
Register_UnRegister_Commands.cpp(83): warning C4129: ' ': unrecognized character escape sequence
Register_UnRegister_Commands.cpp(86): warning C4129: 'A': unrecognized character escape sequence
Register_UnRegister_Commands.cpp(86): warning C4129: ' ': unrecognized character escape sequence
Register_UnRegister_Commands.cpp(89): warning C4129: 'A': unrecognized character escape sequence
Register_UnRegister_Commands.cpp(89): warning C4129: ' ': unrecognized character escape sequence
Register_UnRegister_Commands.cpp(92): warning C4129: 'A': unrecognized character escape sequence
Register_UnRegister_Commands.cpp(92): warning C4129: ' ': unrecognized character escape sequence
Register_UnRegister_Commands.cpp(95): warning C4129: 'A': unrecognized character escape sequence
Register_UnRegister_Commands.cpp(95): warning C4129: ' ': unrecognized character escape sequence
Register_UnRegister_Commands.cpp(98): warning C4129: 'A': unrecognized character escape sequence
Register_UnRegister_Commands.cpp(98): warning C4129: ' ': unrecognized character escape sequence
Register_UnRegister_Commands.cpp(102): warning C4129: 'A': unrecognized character escape sequence
Register_UnRegister_Commands.cpp(102): warning C4129: ' ': unrecognized character escape sequence
Register_UnRegister_Commands.cpp(105): warning C4129: 'A': unrecognized character escape sequence
Register_UnRegister_Commands.cpp(105): warning C4129: ' ': unrecognized character escape sequence
Register_UnRegister_Commands.cpp(107): warning C4129: 'A': unrecognized character escape sequence
Register_UnRegister_Commands.cpp(107): warning C4129: ' ': unrecognized character escape sequence
Register_UnRegister_Commands.cpp(111): warning C4129: 'A': unrecognized character escape sequence
Register_UnRegister_Commands.cpp(111): warning C4129: ' ': unrecognized character escape sequence
Register_UnRegister_Commands.cpp(113): warning C4129: 'A': unrecognized character escape sequence
Register_UnRegister_Commands.cpp(113): warning C4129: ' ': unrecognized character escape sequence
Register_UnRegister_Commands.cpp(116): warning C4129: 'A': unrecognized character escape sequence
Register_UnRegister_Commands.cpp(116): warning C4129: ' ': unrecognized character escape sequence
Register_UnRegister_Commands.cpp(445): error C2660: 'CheckHexIsValid': function does not take 2 arguments
  ScriptFun.cpp
C:\Program Files (x86)\Windows Kits\8.1\Include\um\dbghelp.h(1544): warning C4091: 'typedef ': ignored on left of '' when no variable is declared
C:\Program Files (x86)\Windows Kits\8.1\Include\um\dbghelp.h(3190): warning C4091: 'typedef ': ignored on left of '' when no variable is declared
e:\code\x64dbg\advancedscript\advancedscript\ScriptFun.h(62): warning C4091: 'static ': ignored on left of 'VarPara_temp' when no variable is declared
e:\code\x64dbg\advancedscript\advancedscript\ScriptFun.h(99): warning C4091: 'static ': ignored on left of 'VarPara' when no variable is declared
e:\code\x64dbg\advancedscript\advancedscript\ScriptFun.h(105): warning C4091: 'static ': ignored on left of 'ScriptFunList' when no variable is declared
ScriptFun.cpp(61): error C2660: 'CheckHexIsValid': function does not take 2 arguments
ScriptFun.cpp(157): error C2660: 'CheckHexIsValid': function does not take 3 arguments
ScriptFun.cpp(159): warning C4244: 'argument': conversion from 'duint' to 'int', possible loss of data
ScriptFun.cpp(225): warning C4267: 'argument': conversion from 'size_t' to 'int', possible loss of data
  Generating Code...
e:\code\x64dbg\advancedscript\advancedscript\parser.cpp(325): warning C4715: 'tokens': not all control paths return a value
e:\code\x64dbg\advancedscript\advancedscript\helperfunctions.cpp(254): warning C4715: 'Str2bool': not all control paths return a value
e:\code\x64dbg\advancedscript\advancedscript\helperfunctions.cpp(101): warning C4700: uninitialized local variable 'segment' used
